[0721/012210.928:ERROR:process_memory_win.cc(73)] ReadMemory at 0x27f006dfc00 of 72 bytes failed: Only part of a ReadProcessMemory or WriteProcessMemory request was completed. (0x12B)
[0721/012211.104:WARNING:pe_image_annotations_reader.cc(134)] could not read annotations list object in C:\Program Files (x86)\Google\Chrome\Application\84.0.4147.89\chrome_elf.dll
[0721/012211.104:ERROR:process_memory_win.cc(73)] ReadMemory at 0x7ffc38770000 of 64 bytes failed: Only part of a ReadProcessMemory or WriteProcessMemory request was completed. (0x12B)
[0721/012211.104:WARNING:pe_image_reader.cc(340)] could not read dos header from C:\WINDOWS\SYSTEM32\VERSION.dll
[0721/012211.107:ERROR:process_memory_win.cc(73)] ReadMemory at 0x7ffc48c60000 of 64 bytes failed: Only part of a ReadProcessMemory or WriteProcessMemory request was completed. (0x12B)
[0721/012211.107:WARNING:pe_image_reader.cc(340)] could not read dos header from C:\WINDOWS\System32\msvcrt.dll
[0721/012211.108:ERROR:process_memory_win.cc(73)] ReadMemory at 0x7ffc48750000 of 64 bytes failed: Only part of a ReadProcessMemory or WriteProcessMemory request was completed. (0x12B)
[0721/012211.108:WARNING:pe_image_reader.cc(340)] could not read dos header from C:\WINDOWS\System32\bcryptPrimitives.dll
[0721/012211.108:ERROR:process_memory_win.cc(73)] ReadMemory at 0x7ffc49a30000 of 64 bytes failed: Only part of a ReadProcessMemory or WriteProcessMemory request was completed. (0x12B)
[0721/012211.109:WARNING:pe_image_reader.cc(340)] could not read dos header from C:\WINDOWS\System32\ADVAPI32.dll
[0721/012211.109:ERROR:process_memory_win.cc(73)] ReadMemory at 0x7ffc49ae0000 of 64 bytes failed: Only part of a ReadProcessMemory or WriteProcessMemory request was completed. (0x12B)
[0721/012211.109:WARNING:pe_image_reader.cc(340)] could not read dos header from C:\WINDOWS\System32\sechost.dll
[0721/012211.109:ERROR:process_memory_win.cc(73)] ReadMemory at 0x7ffc49b80000 of 64 bytes failed: Only part of a ReadProcessMemory or WriteProcessMemory request was completed. (0x12B)
[0721/012211.109:WARNING:pe_image_reader.cc(340)] could not read dos header from C:\WINDOWS\System32\RPCRT4.dll
[0721/012211.109:ERROR:process_memory_win.cc(73)] ReadMemory at 0x7ffbf6e20000 of 64 bytes failed: Only part of a ReadProcessMemory or WriteProcessMemory request was completed. (0x12B)
[0721/012211.109:WARNING:pe_image_reader.cc(340)] could not read dos header from C:\Program Files (x86)\Google\Chrome\Application\84.0.4147.89\chrome.dll
[0721/012211.109:ERROR:process_memory_win.cc(73)] ReadMemory at 0x7ffc4a360000 of 64 bytes failed: Only part of a ReadProcessMemory or WriteProcessMemory request was completed. (0x12B)
[0721/012211.110:WARNING:pe_image_reader.cc(340)] could not read dos header from C:\WINDOWS\System32\WS2_32.dll
[0721/012211.110:ERROR:process_memory_win.cc(73)] ReadMemory at 0x7ffc4a610000 of 64 bytes failed: Only part of a ReadProcessMemory or WriteProcessMemory request was completed. (0x12B)
[0721/012211.110:WARNING:pe_image_reader.cc(340)] could not read dos header from C:\WINDOWS\System32\OLEAUT32.dll
[0721/012211.110:ERROR:process_memory_win.cc(73)] ReadMemory at 0x7ffc47c30000 of 64 bytes failed: Only part of a ReadProcessMemory or WriteProcessMemory request was completed. (0x12B)
[0721/012211.110:WARNING:pe_image_reader.cc(340)] could not read dos header from C:\WINDOWS\System32\msvcp_win.dll
[0721/012211.110:ERROR:process_memory_win.cc(73)] ReadMemory at 0x7ffc47e70000 of 64 bytes failed: Only part of a ReadProcessMemory or WriteProcessMemory request was completed. (0x12B)
[0721/012211.110:WARNING:pe_image_reader.cc(340)] could not read dos header from C:\WINDOWS\System32\ucrtbase.dll
[0721/012211.110:ERROR:process_memory_win.cc(73)] ReadMemory at 0x7ffc49ca0000 of 64 bytes failed: Only part of a ReadProcessMemory or WriteProcessMemory request was completed. (0x12B)
[0721/012211.111:WARNING:pe_image_reader.cc(340)] could not read dos header from C:\WINDOWS\System32\combase.dll
[0721/012211.111:ERROR:process_memory_win.cc(73)] ReadMemory at 0x7ffc47f70000 of 64 bytes failed: Only part of a ReadProcessMemory or WriteProcessMemory request was completed. (0x12B)
[0721/012211.111:WARNING:pe_image_reader.cc(340)] could not read dos header from C:\WINDOWS\System32\WINTRUST.dll
[0721/012211.111:ERROR:process_memory_win.cc(73)] ReadMemory at 0x7ffc47600000 of 64 bytes failed: Only part of a ReadProcessMemory or WriteProcessMemory request was completed. (0x12B)
[0721/012211.111:WARNING:pe_image_reader.cc(340)] could not read dos header from C:\WINDOWS\System32\MSASN1.dll
[0721/012211.111:ERROR:process_memory_win.cc(73)] ReadMemory at 0x7ffc47cd0000 of 64 bytes failed: Only part of a ReadProcessMemory or WriteProcessMemory request was completed. (0x12B)
[0721/012211.111:WARNING:pe_image_reader.cc(340)] could not read dos header from C:\WINDOWS\System32\CRYPT32.dll
[0721/012211.112:ERROR:process_memory_win.cc(73)] ReadMemory at 0x7ffc46ae0000 of 64 bytes failed: Only part of a ReadProcessMemory or WriteProcessMemory request was completed. (0x12B)
[0721/012211.112:WARNING:pe_image_reader.cc(340)] could not read dos header from C:\WINDOWS\SYSTEM32\IPHLPAPI.DLL
[0721/012211.112:ERROR:process_memory_win.cc(73)] ReadMemory at 0x7ffc45140000 of 64 bytes failed: Only part of a ReadProcessMemory or WriteProcessMemory request was completed. (0x12B)
[0721/012211.112:WARNING:pe_image_reader.cc(340)] could not read dos header from C:\WINDOWS\SYSTEM32\WINMM.dll
[0721/012211.112:ERROR:process_memory_win.cc(73)] ReadMemory at 0x7ffc34c60000 of 64 bytes failed: Only part of a ReadProcessMemory or WriteProcessMemory request was completed. (0x12B)
[0721/012211.112:WARNING:pe_image_reader.cc(340)] could not read dos header from C:\WINDOWS\SYSTEM32\Secur32.dll
[0721/012211.112:ERROR:process_memory_win.cc(73)] ReadMemory at 0x7ffc474e0000 of 64 bytes failed: Only part of a ReadProcessMemory or WriteProcessMemory request was completed. (0x12B)
[0721/012211.112:WARNING:pe_image_reader.cc(340)] could not read dos header from C:\WINDOWS\SYSTEM32\USERENV.dll
[0721/012211.112:ERROR:process_memory_win.cc(73)] ReadMemory at 0x7ffc47690000 of 64 bytes failed: Only part of a ReadProcessMemory or WriteProcessMemory request was completed. (0x12B)
[0721/012211.112:WARNING:pe_image_reader.cc(340)] could not read dos header from C:\WINDOWS\System32\profapi.dll
[0721/012211.112:ERROR:process_memory_win.cc(73)] ReadMemory at 0x7ffc1c4b0000 of 64 bytes failed: Only part of a ReadProcessMemory or WriteProcessMemory request was completed. (0x12B)
[0721/012211.113:WARNING:pe_image_reader.cc(340)] could not read dos header from C:\WINDOWS\SYSTEM32\UIAutomationCore.DLL
[0721/012211.113:ERROR:process_memory_win.cc(73)] ReadMemory at 0x7ffc3a4e0000 of 64 bytes failed: Only part of a ReadProcessMemory or WriteProcessMemory request was completed. (0x12B)
[0721/012211.113:WARNING:pe_image_reader.cc(340)] could not read dos header from C:\WINDOWS\SYSTEM32\DWrite.dll
[0721/012211.113:ERROR:process_memory_win.cc(73)] ReadMemory at 0x7ffc34ae0000 of 64 bytes failed: Only part of a ReadProcessMemory or WriteProcessMemory request was completed. (0x12B)
[0721/012211.113:WARNING:pe_image_reader.cc(340)] could not read dos header from C:\WINDOWS\SYSTEM32\WINSPOOL.DRV
[0721/012211.113:ERROR:process_memory_win.cc(73)] ReadMemory at 0x7ffc47620000 of 64 bytes failed: Only part of a ReadProcessMemory or WriteProcessMemory request was completed. (0x12B)
[0721/012211.113:WARNING:pe_image_reader.cc(340)] could not read dos header from C:\WINDOWS\System32\kernel.appcore.dll
[0721/012211.114:ERROR:process_memory_win.cc(73)] ReadMemory at 0x7ffc47c00000 of 64 bytes failed: Only part of a ReadProcessMemory or WriteProcessMemory request was completed. (0x12B)
[0721/012211.114:WARNING:pe_image_reader.cc(340)] could not read dos header from C:\WINDOWS\System32\bcrypt.dll
[0721/012211.114:ERROR:process_memory_win.cc(73)] ReadMemory at 0x7ffc45ea0000 of 64 bytes failed: Only part of a ReadProcessMemory or WriteProcessMemory request was completed. (0x12B)
[0721/012211.114:WARNING:pe_image_reader.cc(340)] could not read dos header from C:\WINDOWS\SYSTEM32\dbghelp.dll
[0721/012211.114:ERROR:process_memory_win.cc(73)] ReadMemory at 0x7ffc3d1f0000 of 64 bytes failed: Only part of a ReadProcessMemory or WriteProcessMemory request was completed. (0x12B)
[0721/012211.114:WARNING:pe_image_reader.cc(340)] could not read dos header from C:\WINDOWS\SYSTEM32\WINHTTP.dll
[0721/012211.115:ERROR:process_memory_win.cc(73)] ReadMemory at 0x7ffc37d50000 of 64 bytes failed: Only part of a ReadProcessMemory or WriteProcessMemory request was completed. (0x12B)
[0721/012211.115:WARNING:pe_image_reader.cc(340)] could not read dos header from C:\WINDOWS\SYSTEM32\dhcpcsvc.DLL
[0721/012211.115:ERROR:process_memory_win.cc(73)] ReadMemory at 0x7ffc49300000 of 64 bytes failed: Only part of a ReadProcessMemory or WriteProcessMemory request was completed. (0x12B)
[0721/012211.115:WARNING:pe_image_reader.cc(340)] could not read dos header from C:\WINDOWS\System32\NSI.dll
[0721/012211.115:ERROR:process_memory_win.cc(73)] ReadMemory at 0x7ffc45110000 of 64 bytes failed: Only part of a ReadProcessMemory or WriteProcessMemory request was completed. (0x12B)
[0721/012211.115:WARNING:pe_image_reader.cc(340)] could not read dos header from C:\WINDOWS\SYSTEM32\WINMMBASE.dll
[0721/012211.116:ERROR:process_memory_win.cc(73)] ReadMemory at 0x7ffc47e20000 of 64 bytes failed: Only part of a ReadProcessMemory or WriteProcessMemory request was completed. (0x12B)
[0721/012211.116:WARNING:pe_image_reader.cc(340)] could not read dos header from C:\WINDOWS\System32\cfgmgr32.dll
[0721/012211.117:ERROR:process_memory_win.cc(73)] ReadMemory at 0x7ffc43bb0000 of 64 bytes failed: Only part of a ReadProcessMemory or WriteProcessMemory request was completed. (0x12B)
[0721/012211.117:WARNING:pe_image_reader.cc(340)] could not read dos header from C:\WINDOWS\SYSTEM32\PROPSYS.dll
[0721/012211.117:ERROR:process_memory_win.cc(73)] ReadMemory at 0x7ffc48880000 of 64 bytes failed: Only part of a ReadProcessMemory or WriteProcessMemory request was completed. (0x12B)
[0721/012211.117:WARNING:pe_image_reader.cc(340)] could not read dos header from C:\WINDOWS\System32\shcore.dll
[0721/012211.117:ERROR:process_memory_win.cc(73)] ReadMemory at 0x7ffc47510000 of 64 bytes failed: Only part of a ReadProcessMemory or WriteProcessMemory request was completed. (0x12B)
[0721/012211.117:WARNING:pe_image_reader.cc(340)] could not read dos header from C:\WINDOWS\SYSTEM32\SSPICLI.DLL
[0721/012211.117:ERROR:process_memory_win.cc(73)] ReadMemory at 0x7ffc46fd0000 of 64 bytes failed: Only part of a ReadProcessMemory or WriteProcessMemory request was completed. (0x12B)
[0721/012211.117:WARNING:pe_image_reader.cc(340)] could not read dos header from C:\WINDOWS\SYSTEM32\CRYPTBASE.DLL
[0721/012211.429:ERROR:process_memory_win.cc(73)] ReadMemory at 0x7ff6634f0000 of 64 bytes failed: Only part of a ReadProcessMemory or WriteProcessMemory request was completed. (0x12B)
[0721/012211.430:WARNING:pe_image_reader.cc(340)] could not read dos header from C:\Program Files (x86)\Google\Chrome\Application\chrome.exe
[0721/012211.430:ERROR:process_memory_win.cc(73)] ReadMemory at 0x7ffc4a720000 of 64 bytes failed: Only part of a ReadProcessMemory or WriteProcessMemory request was completed. (0x12B)
[0721/012211.430:WARNING:pe_image_reader.cc(340)] could not read dos header from C:\WINDOWS\SYSTEM32\ntdll.dll
[0721/012211.430:ERROR:process_memory_win.cc(73)] ReadMemory at 0x7ffc48990000 of 64 bytes failed: Only part of a ReadProcessMemory or WriteProcessMemory request was completed. (0x12B)
[0721/012211.430:WARNING:pe_image_reader.cc(340)] could not read dos header from C:\WINDOWS\System32\KERNEL32.DLL
[0721/012211.430:ERROR:process_memory_win.cc(73)] ReadMemory at 0x7ffc47920000 of 64 bytes failed: Only part of a ReadProcessMemory or WriteProcessMemory request was completed. (0x12B)
[0721/012211.430:WARNING:pe_image_reader.cc(340)] could not read dos header from C:\WINDOWS\System32\KERNELBASE.dll
[0721/012211.430:ERROR:process_memory_win.cc(73)] ReadMemory at 0x7ffc37f60000 of 64 bytes failed: Only part of a ReadProcessMemory or WriteProcessMemory request was completed. (0x12B)
[0721/012211.430:WARNING:pe_image_reader.cc(340)] could not read dos header from C:\Program Files (x86)\Google\Chrome\Application\84.0.4147.89\chrome_elf.dll
[0721/012211.430:ERROR:process_memory_win.cc(73)] ReadMemory at 0x7ffc38770000 of 64 bytes failed: Only part of a ReadProcessMemory or WriteProcessMemory request was completed. (0x12B)
[0721/012211.431:WARNING:pe_image_reader.cc(340)] could not read dos header from C:\WINDOWS\SYSTEM32\VERSION.dll
[0721/012211.431:ERROR:process_memory_win.cc(73)] ReadMemory at 0x7ffc48c60000 of 64 bytes failed: Only part of a ReadProcessMemory or WriteProcessMemory request was completed. (0x12B)
[0721/012211.431:WARNING:pe_image_reader.cc(340)] could not read dos header from C:\WINDOWS\System32\msvcrt.dll
[0721/012211.431:ERROR:process_memory_win.cc(73)] ReadMemory at 0x7ffc48750000 of 64 bytes failed: Only part of a ReadProcessMemory or WriteProcessMemory request was completed. (0x12B)
[0721/012211.432:WARNING:pe_image_reader.cc(340)] could not read dos header from C:\WINDOWS\System32\bcryptPrimitives.dll
[0721/012211.432:ERROR:process_memory_win.cc(73)] ReadMemory at 0x7ffc49a30000 of 64 bytes failed: Only part of a ReadProcessMemory or WriteProcessMemory request was completed. (0x12B)
[0721/012211.432:WARNING:pe_image_reader.cc(340)] could not read dos header from C:\WINDOWS\System32\ADVAPI32.dll
[0721/012211.432:ERROR:process_memory_win.cc(73)] ReadMemory at 0x7ffc49ae0000 of 64 bytes failed: Only part of a ReadProcessMemory or WriteProcessMemory request was completed. (0x12B)
[0721/012211.432:WARNING:pe_image_reader.cc(340)] could not read dos header from C:\WINDOWS\System32\sechost.dll
[0721/012211.432:ERROR:process_memory_win.cc(73)] ReadMemory at 0x7ffc49b80000 of 64 bytes failed: Only part of a ReadProcessMemory or WriteProcessMemory request was completed. (0x12B)
[0721/012211.432:WARNING:pe_image_reader.cc(340)] could not read dos header from C:\WINDOWS\System32\RPCRT4.dll
[0721/012211.432:ERROR:process_memory_win.cc(73)] ReadMemory at 0x7ffbf6e20000 of 64 bytes failed: Only part of a ReadProcessMemory or WriteProcessMemory request was completed. (0x12B)
[0721/012211.432:WARNING:pe_image_reader.cc(340)] could not read dos header from C:\Program Files (x86)\Google\Chrome\Application\84.0.4147.89\chrome.dll
[0721/012211.432:ERROR:process_memory_win.cc(73)] ReadMemory at 0x7ffc4a360000 of 64 bytes failed: Only part of a ReadProcessMemory or WriteProcessMemory request was completed. (0x12B)
[0721/012211.432:WARNING:pe_image_reader.cc(340)] could not read dos header from C:\WINDOWS\System32\WS2_32.dll
[0721/012211.432:ERROR:process_memory_win.cc(73)] ReadMemory at 0x7ffc4a610000 of 64 bytes failed: Only part of a ReadProcessMemory or WriteProcessMemory request was completed. (0x12B)
[0721/012211.432:WARNING:pe_image_reader.cc(340)] could not read dos header from C:\WINDOWS\System32\OLEAUT32.dll
[0721/012211.432:ERROR:process_memory_win.cc(73)] ReadMemory at 0x7ffc47c30000 of 64 bytes failed: Only part of a ReadProcessMemory or WriteProcessMemory request was completed. (0x12B)
[0721/012211.432:WARNING:pe_image_reader.cc(340)] could not read dos header from C:\WINDOWS\System32\msvcp_win.dll
[0721/012211.432:ERROR:process_memory_win.cc(73)] ReadMemory at 0x7ffc47e70000 of 64 bytes failed: Only part of a ReadProcessMemory or WriteProcessMemory request was completed. (0x12B)
[0721/012211.433:WARNING:pe_image_reader.cc(340)] could not read dos header from C:\WINDOWS\System32\ucrtbase.dll
[0721/012211.433:ERROR:process_memory_win.cc(73)] ReadMemory at 0x7ffc49ca0000 of 64 bytes failed: Only part of a ReadProcessMemory or WriteProcessMemory request was completed. (0x12B)
[0721/012211.433:WARNING:pe_image_reader.cc(340)] could not read dos header from C:\WINDOWS\System32\combase.dll
[0721/012211.433:ERROR:process_memory_win.cc(73)] ReadMemory at 0x7ffc47f70000 of 64 bytes failed: Only part of a ReadProcessMemory or WriteProcessMemory request was completed. (0x12B)
[0721/012211.433:WARNING:pe_image_reader.cc(340)] could not read dos header from C:\WINDOWS\System32\WINTRUST.dll
[0721/012211.433:ERROR:process_memory_win.cc(73)] ReadMemory at 0x7ffc47600000 of 64 bytes failed: Only part of a ReadProcessMemory or WriteProcessMemory request was completed. (0x12B)
[0721/012211.433:WARNING:pe_image_reader.cc(340)] could not read dos header from C:\WINDOWS\System32\MSASN1.dll
[0721/012211.433:ERROR:process_memory_win.cc(73)] ReadMemory at 0x7ffc47cd0000 of 64 bytes failed: Only part of a ReadProcessMemory or WriteProcessMemory request was completed. (0x12B)
[0721/012211.434:WARNING:pe_image_reader.cc(340)] could not read dos header from C:\WINDOWS\System32\CRYPT32.dll
[0721/012211.434:ERROR:process_memory_win.cc(73)] ReadMemory at 0x7ffc46ae0000 of 64 bytes failed: Only part of a ReadProcessMemory or WriteProcessMemory request was completed. (0x12B)
[0721/012211.434:WARNING:pe_image_reader.cc(340)] could not read dos header from C:\WINDOWS\SYSTEM32\IPHLPAPI.DLL
[0721/012211.434:ERROR:process_memory_win.cc(73)] ReadMemory at 0x7ffc45140000 of 64 bytes failed: Only part of a ReadProcessMemory or WriteProcessMemory request was completed. (0x12B)
[0721/012211.434:WARNING:pe_image_reader.cc(340)] could not read dos header from C:\WINDOWS\SYSTEM32\WINMM.dll
[0721/012211.434:ERROR:process_memory_win.cc(73)] ReadMemory at 0x7ffc34c60000 of 64 bytes failed: Only part of a ReadProcessMemory or WriteProcessMemory request was completed. (0x12B)
[0721/012211.434:WARNING:pe_image_reader.cc(340)] could not read dos header from C:\WINDOWS\SYSTEM32\Secur32.dll
[0721/012211.434:ERROR:process_memory_win.cc(73)] ReadMemory at 0x7ffc474e0000 of 64 bytes failed: Only part of a ReadProcessMemory or WriteProcessMemory request was completed. (0x12B)
[0721/012211.434:WARNING:pe_image_reader.cc(340)] could not read dos header from C:\WINDOWS\SYSTEM32\USERENV.dll
[0721/012211.434:ERROR:process_memory_win.cc(73)] ReadMemory at 0x7ffc47690000 of 64 bytes failed: Only part of a ReadProcessMemory or WriteProcessMemory request was completed. (0x12B)
[0721/012211.434:WARNING:pe_image_reader.cc(340)] could not read dos header from C:\WINDOWS\System32\profapi.dll
[0721/012211.435:ERROR:process_memory_win.cc(73)] ReadMemory at 0x7ffc1c4b0000 of 64 bytes failed: Only part of a ReadProcessMemory or WriteProcessMemory request was completed. (0x12B)
[0721/012211.435:WARNING:pe_image_reader.cc(340)] could not read dos header from C:\WINDOWS\SYSTEM32\UIAutomationCore.DLL
[0721/012211.435:ERROR:process_memory_win.cc(73)] ReadMemory at 0x7ffc3a4e0000 of 64 bytes failed: Only part of a ReadProcessMemory or WriteProcessMemory request was completed. (0x12B)
[0721/012211.435:WARNING:pe_image_reader.cc(340)] could not read dos header from C:\WINDOWS\SYSTEM32\DWrite.dll
[0721/012211.435:ERROR:process_memory_win.cc(73)] ReadMemory at 0x7ffc34ae0000 of 64 bytes failed: Only part of a ReadProcessMemory or WriteProcessMemory request was completed. (0x12B)
[0721/012211.435:WARNING:pe_image_reader.cc(340)] could not read dos header from C:\WINDOWS\SYSTEM32\WINSPOOL.DRV
[0721/012211.435:ERROR:process_memory_win.cc(73)] ReadMemory at 0x7ffc47620000 of 64 bytes failed: Only part of a ReadProcessMemory or WriteProcessMemory request was completed. (0x12B)
[0721/012211.435:WARNING:pe_image_reader.cc(340)] could not read dos header from C:\WINDOWS\System32\kernel.appcore.dll
[0721/012211.435:ERROR:process_memory_win.cc(73)] ReadMemory at 0x7ffc47c00000 of 64 bytes failed: Only part of a ReadProcessMemory or WriteProcessMemory request was completed. (0x12B)
[0721/012211.435:WARNING:pe_image_reader.cc(340)] could not read dos header from C:\WINDOWS\System32\bcrypt.dll
[0721/012211.435:ERROR:process_memory_win.cc(73)] ReadMemory at 0x7ffc45ea0000 of 64 bytes failed: Only part of a ReadProcessMemory or WriteProcessMemory request was completed. (0x12B)
[0721/012211.437:WARNING:pe_image_reader.cc(340)] could not read dos header from C:\WINDOWS\SYSTEM32\dbghelp.dll
[0721/012211.437:ERROR:process_memory_win.cc(73)] ReadMemory at 0x7ffc3d1f0000 of 64 bytes failed: Only part of a ReadProcessMemory or WriteProcessMemory request was completed. (0x12B)
[0721/012211.437:WARNING:pe_image_reader.cc(340)] could not read dos header from C:\WINDOWS\SYSTEM32\WINHTTP.dll
[0721/012211.437:ERROR:process_memory_win.cc(73)] ReadMemory at 0x7ffc37d50000 of 64 bytes failed: Only part of a ReadProcessMemory or WriteProcessMemory request was completed. (0x12B)
[0721/012211.437:WARNING:pe_image_reader.cc(340)] could not read dos header from C:\WINDOWS\SYSTEM32\dhcpcsvc.DLL
[0721/012211.437:ERROR:process_memory_win.cc(73)] ReadMemory at 0x7ffc49300000 of 64 bytes failed: Only part of a ReadProcessMemory or WriteProcessMemory request was completed. (0x12B)
[0721/012211.437:WARNING:pe_image_reader.cc(340)] could not read dos header from C:\WINDOWS\System32\NSI.dll
[0721/012211.437:ERROR:process_memory_win.cc(73)] ReadMemory at 0x7ffc45110000 of 64 bytes failed: Only part of a ReadProcessMemory or WriteProcessMemory request was completed. (0x12B)
[0721/012211.437:WARNING:pe_image_reader.cc(340)] could not read dos header from C:\WINDOWS\SYSTEM32\WINMMBASE.dll
[0721/012211.437:ERROR:process_memory_win.cc(73)] ReadMemory at 0x7ffc47e20000 of 64 bytes failed: Only part of a ReadProcessMemory or WriteProcessMemory request was completed. (0x12B)
[0721/012211.437:WARNING:pe_image_reader.cc(340)] could not read dos header from C:\WINDOWS\System32\cfgmgr32.dll
[0721/012211.438:ERROR:process_memory_win.cc(73)] ReadMemory at 0x7ffc43bb0000 of 64 bytes failed: Only part of a ReadProcessMemory or WriteProcessMemory request was completed. (0x12B)
[0721/012211.438:WARNING:pe_image_reader.cc(340)] could not read dos header from C:\WINDOWS\SYSTEM32\PROPSYS.dll
[0721/012211.438:ERROR:process_memory_win.cc(73)] ReadMemory at 0x7ffc48880000 of 64 bytes failed: Only part of a ReadProcessMemory or WriteProcessMemory request was completed. (0x12B)
[0721/012211.438:WARNING:pe_image_reader.cc(340)] could not read dos header from C:\WINDOWS\System32\shcore.dll
[0721/012211.438:ERROR:process_memory_win.cc(73)] ReadMemory at 0x7ffc47510000 of 64 bytes failed: Only part of a ReadProcessMemory or WriteProcessMemory request was completed. (0x12B)
[0721/012211.438:WARNING:pe_image_reader.cc(340)] could not read dos header from C:\WINDOWS\SYSTEM32\SSPICLI.DLL
[0721/012211.438:ERROR:process_memory_win.cc(73)] ReadMemory at 0x7ffc46fd0000 of 64 bytes failed: Only part of a ReadProcessMemory or WriteProcessMemory request was completed. (0x12B)
[0721/012211.438:WARNING:pe_image_reader.cc(340)] could not read dos header from C:\WINDOWS\SYSTEM32\CRYPTBASE.DLL
[0721/012211.438:ERROR:process_memory_win.cc(73)] ReadMemory at 0x7ff6634f0000 of 64 bytes failed: Only part of a ReadProcessMemory or WriteProcessMemory request was completed. (0x12B)
[0721/012211.438:WARNING:pe_image_reader.cc(340)] could not read dos header from C:\Program Files (x86)\Google\Chrome\Application\chrome.exe
[0721/012211.439:ERROR:process_memory_win.cc(73)] ReadMemory at 0x7ffc4a720000 of 64 bytes failed: Only part of a ReadProcessMemory or WriteProcessMemory request was completed. (0x12B)
[0721/012211.439:WARNING:pe_image_reader.cc(340)] could not read dos header from C:\WINDOWS\SYSTEM32\ntdll.dll
[0721/012211.439:ERROR:process_memory_win.cc(73)] ReadMemory at 0x7ffc48990000 of 64 bytes failed: Only part of a ReadProcessMemory or WriteProcessMemory request was completed. (0x12B)
[0721/012211.439:WARNING:pe_image_reader.cc(340)] could not read dos header from C:\WINDOWS\System32\KERNEL32.DLL
[0721/012211.439:ERROR:process_memory_win.cc(73)] ReadMemory at 0x7ffc47920000 of 64 bytes failed: Only part of a ReadProcessMemory or WriteProcessMemory request was completed. (0x12B)
[0721/012211.439:WARNING:pe_image_reader.cc(340)] could not read dos header from C:\WINDOWS\System32\KERNELBASE.dll
[0721/012211.439:ERROR:process_memory_win.cc(73)] ReadMemory at 0x7ffc37f60000 of 64 bytes failed: Only part of a ReadProcessMemory or WriteProcessMemory request was completed. (0x12B)
[0721/012211.439:WARNING:pe_image_reader.cc(340)] could not read dos header from C:\Program Files (x86)\Google\Chrome\Application\84.0.4147.89\chrome_elf.dll
[0721/012211.439:ERROR:process_memory_win.cc(73)] ReadMemory at 0x7ffc38770000 of 64 bytes failed: Only part of a ReadProcessMemory or WriteProcessMemory request was completed. (0x12B)
[0721/012211.439:WARNING:pe_image_reader.cc(340)] could not read dos header from C:\WINDOWS\SYSTEM32\VERSION.dll
[0721/012211.439:ERROR:process_memory_win.cc(73)] ReadMemory at 0x7ffc48c60000 of 64 bytes failed: Only part of a ReadProcessMemory or WriteProcessMemory request was completed. (0x12B)
[0721/012211.440:WARNING:pe_image_reader.cc(340)] could not read dos header from C:\WINDOWS\System32\msvcrt.dll
[0721/012211.440:ERROR:process_memory_win.cc(73)] ReadMemory at 0x7ffc48750000 of 64 bytes failed: Only part of a ReadProcessMemory or WriteProcessMemory request was completed. (0x12B)
[0721/012211.440:WARNING:pe_image_reader.cc(340)] could not read dos header from C:\WINDOWS\System32\bcryptPrimitives.dll
[0721/012211.440:ERROR:process_memory_win.cc(73)] ReadMemory at 0x7ffc49a30000 of 64 bytes failed: Only part of a ReadProcessMemory or WriteProcessMemory request was completed. (0x12B)
[0721/012211.440:WARNING:pe_image_reader.cc(340)] could not read dos header from C:\WINDOWS\System32\ADVAPI32.dll
[0721/012211.440:ERROR:process_memory_win.cc(73)] ReadMemory at 0x7ffc49ae0000 of 64 bytes failed: Only part of a ReadProcessMemory or WriteProcessMemory request was completed. (0x12B)
[0721/012211.440:WARNING:pe_image_reader.cc(340)] could not read dos header from C:\WINDOWS\System32\sechost.dll
[0721/012211.440:ERROR:process_memory_win.cc(73)] ReadMemory at 0x7ffc49b80000 of 64 bytes failed: Only part of a ReadProcessMemory or WriteProcessMemory request was completed. (0x12B)
[0721/012211.440:WARNING:pe_image_reader.cc(340)] could not read dos header from C:\WINDOWS\System32\RPCRT4.dll
[0721/012211.440:ERROR:process_memory_win.cc(73)] ReadMemory at 0x7ffbf6e20000 of 64 bytes failed: Only part of a ReadProcessMemory or WriteProcessMemory request was completed. (0x12B)
[0721/012211.441:WARNING:pe_image_reader.cc(340)] could not read dos header from C:\Program Files (x86)\Google\Chrome\Application\84.0.4147.89\chrome.dll
[0721/012211.441:ERROR:process_memory_win.cc(73)] ReadMemory at 0x7ffc4a360000 of 64 bytes failed: Only part of a ReadProcessMemory or WriteProcessMemory request was completed. (0x12B)
[0721/012211.441:WARNING:pe_image_reader.cc(340)] could not read dos header from C:\WINDOWS\System32\WS2_32.dll
[0721/012211.441:ERROR:process_memory_win.cc(73)] ReadMemory at 0x7ffc4a610000 of 64 bytes failed: Only part of a ReadProcessMemory or WriteProcessMemory request was completed. (0x12B)
[0721/012211.441:WARNING:pe_image_reader.cc(340)] could not read dos header from C:\WINDOWS\System32\OLEAUT32.dll
[0721/012211.441:ERROR:process_memory_win.cc(73)] ReadMemory at 0x7ffc47c30000 of 64 bytes failed: Only part of a ReadProcessMemory or WriteProcessMemory request was completed. (0x12B)
[0721/012211.441:WARNING:pe_image_reader.cc(340)] could not read dos header from C:\WINDOWS\System32\msvcp_win.dll
[0721/012211.441:ERROR:process_memory_win.cc(73)] ReadMemory at 0x7ffc47e70000 of 64 bytes failed: Only part of a ReadProcessMemory or WriteProcessMemory request was completed. (0x12B)
[0721/012211.441:WARNING:pe_image_reader.cc(340)] could not read dos header from C:\WINDOWS\System32\ucrtbase.dll
[0721/012211.441:ERROR:process_memory_win.cc(73)] ReadMemory at 0x7ffc49ca0000 of 64 bytes failed: Only part of a ReadProcessMemory or WriteProcessMemory request was completed. (0x12B)
[0721/012211.441:WARNING:pe_image_reader.cc(340)] could not read dos header from C:\WINDOWS\System32\combase.dll
[0721/012211.441:ERROR:process_memory_win.cc(73)] ReadMemory at 0x7ffc47f70000 of 64 bytes failed: Only part of a ReadProcessMemory or WriteProcessMemory request was completed. (0x12B)
[0721/012211.441:WARNING:pe_image_reader.cc(340)] could not read dos header from C:\WINDOWS\System32\WINTRUST.dll
[0721/012211.442:ERROR:process_memory_win.cc(73)] ReadMemory at 0x7ffc47600000 of 64 bytes failed: Only part of a ReadProcessMemory or WriteProcessMemory request was completed. (0x12B)
[0721/012211.442:WARNING:pe_image_reader.cc(340)] could not read dos header from C:\WINDOWS\System32\MSASN1.dll
[0721/012211.442:ERROR:process_memory_win.cc(73)] ReadMemory at 0x7ffc47cd0000 of 64 bytes failed: Only part of a ReadProcessMemory or WriteProcessMemory request was completed. (0x12B)
[0721/012211.442:WARNING:pe_image_reader.cc(340)] could not read dos header from C:\WINDOWS\System32\CRYPT32.dll
[0721/012211.442:ERROR:process_memory_win.cc(73)] ReadMemory at 0x7ffc46ae0000 of 64 bytes failed: Only part of a ReadProcessMemory or WriteProcessMemory request was completed. (0x12B)
[0721/012211.442:WARNING:pe_image_reader.cc(340)] could not read dos header from C:\WINDOWS\SYSTEM32\IPHLPAPI.DLL
[0721/012211.442:ERROR:process_memory_win.cc(73)] ReadMemory at 0x7ffc45140000 of 64 bytes failed: Only part of a ReadProcessMemory or WriteProcessMemory request was completed. (0x12B)
[0721/012211.442:WARNING:pe_image_reader.cc(340)] could not read dos header from C:\WINDOWS\SYSTEM32\WINMM.dll
[0721/012211.443:ERROR:process_memory_win.cc(73)] ReadMemory at 0x7ffc34c60000 of 64 bytes failed: Only part of a ReadProcessMemory or WriteProcessMemory request was completed. (0x12B)
[0721/012211.443:WARNING:pe_image_reader.cc(340)] could not read dos header from C:\WINDOWS\SYSTEM32\Secur32.dll
[0721/012211.443:ERROR:process_memory_win.cc(73)] ReadMemory at 0x7ffc474e0000 of 64 bytes failed: Only part of a ReadProcessMemory or WriteProcessMemory request was completed. (0x12B)
[0721/012211.443:WARNING:pe_image_reader.cc(340)] could not read dos header from C:\WINDOWS\SYSTEM32\USERENV.dll
[0721/012211.443:ERROR:process_memory_win.cc(73)] ReadMemory at 0x7ffc47690000 of 64 bytes failed: Only part of a ReadProcessMemory or WriteProcessMemory request was completed. (0x12B)
[0721/012211.443:WARNING:pe_image_reader.cc(340)] could not read dos header from C:\WINDOWS\System32\profapi.dll
[0721/012211.443:ERROR:process_memory_win.cc(73)] ReadMemory at 0x7ffc1c4b0000 of 64 bytes failed: Only part of a ReadProcessMemory or WriteProcessMemory request was completed. (0x12B)
[0721/012211.443:WARNING:pe_image_reader.cc(340)] could not read dos header from C:\WINDOWS\SYSTEM32\UIAutomationCore.DLL
[0721/012211.443:ERROR:process_memory_win.cc(73)] ReadMemory at 0x7ffc3a4e0000 of 64 bytes failed: Only part of a ReadProcessMemory or WriteProcessMemory request was completed. (0x12B)
[0721/012211.443:WARNING:pe_image_reader.cc(340)] could not read dos header from C:\WINDOWS\SYSTEM32\DWrite.dll
[0721/012211.443:ERROR:process_memory_win.cc(73)] ReadMemory at 0x7ffc34ae0000 of 64 bytes failed: Only part of a ReadProcessMemory or WriteProcessMemory request was completed. (0x12B)
[0721/012211.444:WARNING:pe_image_reader.cc(340)] could not read dos header from C:\WINDOWS\SYSTEM32\WINSPOOL.DRV
[0721/012211.444:ERROR:process_memory_win.cc(73)] ReadMemory at 0x7ffc47620000 of 64 bytes failed: Only part of a ReadProcessMemory or WriteProcessMemory request was completed. (0x12B)
[0721/012211.444:WARNING:pe_image_reader.cc(340)] could not read dos header from C:\WINDOWS\System32\kernel.appcore.dll
[0721/012211.444:ERROR:process_memory_win.cc(73)] ReadMemory at 0x7ffc47c00000 of 64 bytes failed: Only part of a ReadProcessMemory or WriteProcessMemory request was completed. (0x12B)
[0721/012211.444:WARNING:pe_image_reader.cc(340)] could not read dos header from C:\WINDOWS\System32\bcrypt.dll
[0721/012211.444:ERROR:process_memory_win.cc(73)] ReadMemory at 0x7ffc45ea0000 of 64 bytes failed: Only part of a ReadProcessMemory or WriteProcessMemory request was completed. (0x12B)
[0721/012211.444:WARNING:pe_image_reader.cc(340)] could not read dos header from C:\WINDOWS\SYSTEM32\dbghelp.dll
[0721/012211.444:ERROR:process_memory_win.cc(73)] ReadMemory at 0x7ffc3d1f0000 of 64 bytes failed: Only part of a ReadProcessMemory or WriteProcessMemory request was completed. (0x12B)
[0721/012211.444:WARNING:pe_image_reader.cc(340)] could not read dos header from C:\WINDOWS\SYSTEM32\WINHTTP.dll
[0721/012211.444:ERROR:process_memory_win.cc(73)] ReadMemory at 0x7ffc37d50000 of 64 bytes failed: Only part of a ReadProcessMemory or WriteProcessMemory request was completed. (0x12B)
[0721/012211.445:WARNING:pe_image_reader.cc(340)] could not read dos header from C:\WINDOWS\SYSTEM32\dhcpcsvc.DLL
[0721/012211.445:ERROR:process_memory_win.cc(73)] ReadMemory at 0x7ffc49300000 of 64 bytes failed: Only part of a ReadProcessMemory or WriteProcessMemory request was completed. (0x12B)
[0721/012211.445:WARNING:pe_image_reader.cc(340)] could not read dos header from C:\WINDOWS\System32\NSI.dll
[0721/012211.445:ERROR:process_memory_win.cc(73)] ReadMemory at 0x7ffc45110000 of 64 bytes failed: Only part of a ReadProcessMemory or WriteProcessMemory request was completed. (0x12B)
[0721/012211.445:WARNING:pe_image_reader.cc(340)] could not read dos header from C:\WINDOWS\SYSTEM32\WINMMBASE.dll
[0721/012211.445:ERROR:process_memory_win.cc(73)] ReadMemory at 0x7ffc47e20000 of 64 bytes failed: Only part of a ReadProcessMemory or WriteProcessMemory request was completed. (0x12B)
[0721/012211.445:WARNING:pe_image_reader.cc(340)] could not read dos header from C:\WINDOWS\System32\cfgmgr32.dll
[0721/012211.445:ERROR:process_memory_win.cc(73)] ReadMemory at 0x7ffc43bb0000 of 64 bytes failed: Only part of a ReadProcessMemory or WriteProcessMemory request was completed. (0x12B)
[0721/012211.445:WARNING:pe_image_reader.cc(340)] could not read dos header from C:\WINDOWS\SYSTEM32\PROPSYS.dll
[0721/012211.446:ERROR:process_memory_win.cc(73)] ReadMemory at 0x7ffc48880000 of 64 bytes failed: Only part of a ReadProcessMemory or WriteProcessMemory request was completed. (0x12B)
[0721/012211.446:WARNING:pe_image_reader.cc(340)] could not read dos header from C:\WINDOWS\System32\shcore.dll
[0721/012211.446:ERROR:process_memory_win.cc(73)] ReadMemory at 0x7ffc47510000 of 64 bytes failed: Only part of a ReadProcessMemory or WriteProcessMemory request was completed. (0x12B)
[0721/012211.446:WARNING:pe_image_reader.cc(340)] could not read dos header from C:\WINDOWS\SYSTEM32\SSPICLI.DLL
[0721/012211.446:ERROR:process_memory_win.cc(73)] ReadMemory at 0x7ffc46fd0000 of 64 bytes failed: Only part of a ReadProcessMemory or WriteProcessMemory request was completed. (0x12B)
[0721/012211.446:WARNING:pe_image_reader.cc(340)] could not read dos header from C:\WINDOWS\SYSTEM32\CRYPTBASE.DLL
[0721/012211.749:ERROR:process_memory_win.cc(73)] ReadMemory at 0xef29fec000 of 81920 bytes failed: Only part of a ReadProcessMemory or WriteProcessMemory request was completed. (0x12B)
[0721/012211.750:ERROR:process_memory_win.cc(73)] ReadMemory at 0xef2a7fd000 of 12288 bytes failed: Only part of a ReadProcessMemory or WriteProcessMemory request was completed. (0x12B)
[0721/012211.750:ERROR:process_memory_win.cc(73)] ReadMemory at 0xef2b7fc000 of 16384 bytes failed: Only part of a ReadProcessMemory or WriteProcessMemory request was completed. (0x12B)
[0721/012211.750:ERROR:process_memory_win.cc(73)] ReadMemory at 0xef2bffb000 of 20480 bytes failed: Only part of a ReadProcessMemory or WriteProcessMemory request was completed. (0x12B)
[0721/012211.751:ERROR:process_memory_win.cc(73)] ReadMemory at 0xef2c7fe000 of 8192 bytes failed: Only part of a ReadProcessMemory or WriteProcessMemory request was completed. (0x12B)
[0721/012211.751:ERROR:process_memory_win.cc(73)] ReadMemory at 0xef2cffd000 of 12288 bytes failed: Only part of a ReadProcessMemory or WriteProcessMemory request was completed. (0x12B)
[0721/012211.752:ERROR:process_memory_win.cc(73)] ReadMemory at 0xef2d7fb000 of 20480 bytes failed: Only part of a ReadProcessMemory or WriteProcessMemory request was completed. (0x12B)
[0721/012211.752:ERROR:process_memory_win.cc(73)] ReadMemory at 0xef2e7fd000 of 12288 bytes failed: Only part of a ReadProcessMemory or WriteProcessMemory request was completed. (0x12B)
[0721/012211.752:ERROR:process_memory_win.cc(73)] ReadMemory at 0xef2eff5000 of 45056 bytes failed: Only part of a ReadProcessMemory or WriteProcessMemory request was completed. (0x12B)
[0721/012211.753:ERROR:process_memory_win.cc(73)] ReadMemory at 0xef2f7f5000 of 45056 bytes failed: Only part of a ReadProcessMemory or WriteProcessMemory request was completed. (0x12B)
[0721/012211.754:ERROR:process_memory_win.cc(73)] ReadMemory at 0xef2fffd000 of 12288 bytes failed: Only part of a ReadProcessMemory or WriteProcessMemory request was completed. (0x12B)
[0721/012211.754:ERROR:process_memory_win.cc(73)] ReadMemory at 0xef2dffd000 of 12288 bytes failed: Only part of a ReadProcessMemory or WriteProcessMemory request was completed. (0x12B)
[0721/012211.754:ERROR:process_memory_win.cc(73)] ReadMemory at 0xef307fc000 of 16384 bytes failed: Only part of a ReadProcessMemory or WriteProcessMemory request was completed. (0x12B)
[0721/012211.754:ERROR:process_memory_win.cc(73)] ReadMemory at 0xef2afff000 of 4096 bytes failed: Only part of a ReadProcessMemory or WriteProcessMemory request was completed. (0x12B)
[0721/012211.755:ERROR:process_memory_win.cc(73)] ReadMemory at 0xef296a4000 of 852 bytes failed: Only part of a ReadProcessMemory or WriteProcessMemory request was completed. (0x12B)
[0721/012211.755:ERROR:process_memory_win.cc(73)] ReadMemory at 0xef296a5000 of 6024 bytes failed: Only part of a ReadProcessMemory or WriteProcessMemory request was completed. (0x12B)
[0721/012211.756:ERROR:process_memory_win.cc(73)] ReadMemory at 0xef296a7000 of 6024 bytes failed: Only part of a ReadProcessMemory or WriteProcessMemory request was completed. (0x12B)
[0721/012211.756:ERROR:process_memory_win.cc(73)] ReadMemory at 0xef296ab000 of 6024 bytes failed: Only part of a ReadProcessMemory or WriteProcessMemory request was completed. (0x12B)
[0721/012211.756:ERROR:process_memory_win.cc(73)] ReadMemory at 0xef296ad000 of 6024 bytes failed: Only part of a ReadProcessMemory or WriteProcessMemory request was completed. (0x12B)
[0721/012211.757:ERROR:process_memory_win.cc(73)] ReadMemory at 0xef296af000 of 6024 bytes failed: Only part of a ReadProcessMemory or WriteProcessMemory request was completed. (0x12B)
[0721/012211.757:ERROR:process_memory_win.cc(73)] ReadMemory at 0xef296b1000 of 6024 bytes failed: Only part of a ReadProcessMemory or WriteProcessMemory request was completed. (0x12B)
[0721/012211.757:ERROR:process_memory_win.cc(73)] ReadMemory at 0xef296b3000 of 6024 bytes failed: Only part of a ReadProcessMemory or WriteProcessMemory request was completed. (0x12B)
[0721/012211.757:ERROR:process_memory_win.cc(73)] ReadMemory at 0xef296b7000 of 6024 bytes failed: Only part of a ReadProcessMemory or WriteProcessMemory request was completed. (0x12B)
[0721/012211.757:ERROR:process_memory_win.cc(73)] ReadMemory at 0xef296b9000 of 6024 bytes failed: Only part of a ReadProcessMemory or WriteProcessMemory request was completed. (0x12B)
[0721/012211.758:ERROR:process_memory_win.cc(73)] ReadMemory at 0xef296bb000 of 6024 bytes failed: Only part of a ReadProcessMemory or WriteProcessMemory request was completed. (0x12B)
[0721/012211.758:ERROR:process_memory_win.cc(73)] ReadMemory at 0xef296bd000 of 6024 bytes failed: Only part of a ReadProcessMemory or WriteProcessMemory request was completed. (0x12B)
[0721/012211.758:ERROR:process_memory_win.cc(73)] ReadMemory at 0xef296c3000 of 6024 bytes failed: Only part of a ReadProcessMemory or WriteProcessMemory request was completed. (0x12B)
[0721/012211.758:ERROR:process_memory_win.cc(73)] ReadMemory at 0xef296e9000 of 6024 bytes failed: Only part of a ReadProcessMemory or WriteProcessMemory request was completed. (0x12B)
[0721/012211.759:ERROR:process_memory_win.cc(73)] ReadMemory at 0xef296eb000 of 6024 bytes failed: Only part of a ReadProcessMemory or WriteProcessMemory request was completed. (0x12B)
[0721/012211.759:ERROR:process_memory_win.cc(73)] ReadMemory at 0x27f00660e80 of 512 bytes failed: Only part of a ReadProcessMemory or WriteProcessMemory request was completed. (0x12B)
[0721/012211.759:ERROR:process_memory_win.cc(73)] ReadMemory at 0x27f00661900 of 704 bytes failed: Only part of a ReadProcessMemory or WriteProcessMemory request was completed. (0x12B)
[0721/012211.760:ERROR:process_memory_win.cc(73)] ReadMemory at 0x27f006d0000 of 384 bytes failed: Only part of a ReadProcessMemory or WriteProcessMemory request was completed. (0x12B)
[0721/012211.760:ERROR:process_memory_win.cc(73)] ReadMemory at 0x27f006d0fe0 of 20598 bytes failed: Only part of a ReadProcessMemory or WriteProcessMemory request was completed. (0x12B)
[0721/012211.760:ERROR:process_memory_win.cc(73)] ReadMemory at 0x27f006d6060 of 1012 bytes failed: Only part of a ReadProcessMemory or WriteProcessMemory request was completed. (0x12B)
[0721/012211.760:ERROR:process_memory_win.cc(73)] ReadMemory at 0x27f006d66a8 of 118 bytes failed: Only part of a ReadProcessMemory or WriteProcessMemory request was completed. (0x12B)
[0721/012211.761:ERROR:process_memory_win.cc(73)] ReadMemory at 0x27f006d6720 of 742 bytes failed: Only part of a ReadProcessMemory or WriteProcessMemory request was completed. (0x12B)
[0721/012211.761:ERROR:process_memory_win.cc(73)] ReadMemory at 0x27f006d6a08 of 118 bytes failed: Only part of a ReadProcessMemory or WriteProcessMemory request was completed. (0x12B)
[0721/012211.761:ERROR:process_memory_win.cc(73)] ReadMemory at 0x27f006d6a80 of 94 bytes failed: Only part of a ReadProcessMemory or WriteProcessMemory request was completed. (0x12B)
[0721/012211.761:ERROR:process_memory_win.cc(73)] ReadMemory at 0x27f006d6af0 of 58 bytes failed: Only part of a ReadProcessMemory or WriteProcessMemory request was completed. (0x12B)
[0721/012211.761:ERROR:process_memory_win.cc(73)] ReadMemory at 0x27f006d6bf0 of 132 bytes failed: Only part of a ReadProcessMemory or WriteProcessMemory request was completed. (0x12B)
[0721/012211.762:ERROR:process_memory_win.cc(73)] ReadMemory at 0x27f006d6d80 of 132 bytes failed: Only part of a ReadProcessMemory or WriteProcessMemory request was completed. (0x12B)
[0721/012211.762:ERROR:process_memory_win.cc(73)] ReadMemory at 0x27f006d6f40 of 124 bytes failed: Only part of a ReadProcessMemory or WriteProcessMemory request was completed. (0x12B)
[0721/012211.762:ERROR:process_memory_win.cc(73)] ReadMemory at 0x27f006d7320 of 132 bytes failed: Only part of a ReadProcessMemory or WriteProcessMemory request was completed. (0x12B)
[0721/012211.762:ERROR:process_memory_win.cc(73)] ReadMemory at 0x27f006d74b0 of 64 bytes failed: Only part of a ReadProcessMemory or WriteProcessMemory request was completed. (0x12B)
[0721/012211.762:ERROR:process_memory_win.cc(73)] ReadMemory at 0x27f006d7670 of 132 bytes failed: Only part of a ReadProcessMemory or WriteProcessMemory request was completed. (0x12B)
[0721/012211.762:ERROR:process_memory_win.cc(73)] ReadMemory at 0x27f006d7910 of 132 bytes failed: Only part of a ReadProcessMemory or WriteProcessMemory request was completed. (0x12B)
[0721/012211.762:ERROR:process_memory_win.cc(73)] ReadMemory at 0x27f006d7aa0 of 68 bytes failed: Only part of a ReadProcessMemory or WriteProcessMemory request was completed. (0x12B)
[0721/012211.763:ERROR:process_memory_win.cc(73)] ReadMemory at 0x27f006d8b60 of 132 bytes failed: Only part of a ReadProcessMemory or WriteProcessMemory request was completed. (0x12B)
[0721/012211.763:ERROR:process_memory_win.cc(73)] ReadMemory at 0x27f006d8cf0 of 152 bytes failed: Only part of a ReadProcessMemory or WriteProcessMemory request was completed. (0x12B)
[0721/012211.763:ERROR:process_memory_win.cc(73)] ReadMemory at 0x27f006dac00 of 62 bytes failed: Only part of a ReadProcessMemory or WriteProcessMemory request was completed. (0x12B)
[0721/012211.763:ERROR:process_memory_win.cc(73)] ReadMemory at 0x27f006dad60 of 132 bytes failed: Only part of a ReadProcessMemory or WriteProcessMemory request was completed. (0x12B)
[0721/012211.763:ERROR:process_memory_win.cc(73)] ReadMemory at 0x27f006daef0 of 60 bytes failed: Only part of a ReadProcessMemory or WriteProcessMemory request was completed. (0x12B)
[0721/012211.764:ERROR:process_memory_win.cc(73)] ReadMemory at 0x27f006dd3a0 of 512 bytes failed: Only part of a ReadProcessMemory or WriteProcessMemory request was completed. (0x12B)
[0721/012211.764:ERROR:process_memory_win.cc(73)] ReadMemory at 0x27f006e9df0 of 54 bytes failed: Only part of a ReadProcessMemory or WriteProcessMemory request was completed. (0x12B)
[0721/012211.764:ERROR:process_memory_win.cc(73)] ReadMemory at 0x27f006eb670 of 80 bytes failed: Only part of a ReadProcessMemory or WriteProcessMemory request was completed. (0x12B)
[0721/012211.764:ERROR:process_memory_win.cc(73)] ReadMemory at 0x27f006eb970 of 76 bytes failed: Only part of a ReadProcessMemory or WriteProcessMemory request was completed. (0x12B)
[0721/012211.764:ERROR:process_memory_win.cc(73)] ReadMemory at 0x27f006ec390 of 80 bytes failed: Only part of a ReadProcessMemory or WriteProcessMemory request was completed. (0x12B)
[0721/012211.764:ERROR:process_memory_win.cc(73)] ReadMemory at 0x27f006eed20 of 132 bytes failed: Only part of a ReadProcessMemory or WriteProcessMemory request was completed. (0x12B)
[0721/012211.765:ERROR:process_memory_win.cc(73)] ReadMemory at 0x27f006eee50 of 144 bytes failed: Only part of a ReadProcessMemory or WriteProcessMemory request was completed. (0x12B)
[0721/012211.765:ERROR:process_memory_win.cc(73)] ReadMemory at 0x27f006ef3d0 of 132 bytes failed: Only part of a ReadProcessMemory or WriteProcessMemory request was completed. (0x12B)
[0721/012211.765:ERROR:process_memory_win.cc(73)] ReadMemory at 0x27f006efab0 of 132 bytes failed: Only part of a ReadProcessMemory or WriteProcessMemory request was completed. (0x12B)
[0721/012211.765:ERROR:process_memory_win.cc(73)] ReadMemory at 0x27f006efee0 of 132 bytes failed: Only part of a ReadProcessMemory or WriteProcessMemory request was completed. (0x12B)
[0721/012211.765:ERROR:process_memory_win.cc(73)] ReadMemory at 0x27f006f0010 of 132 bytes failed: Only part of a ReadProcessMemory or WriteProcessMemory request was completed. (0x12B)
[0721/012211.841:ERROR:process_memory_win.cc(73)] ReadMemory at 0x27f006f0270 of 132 bytes failed: Only part of a ReadProcessMemory or WriteProcessMemory request was completed. (0x12B)
[0721/012211.844:ERROR:process_memory_win.cc(73)] ReadMemory at 0x27f006f03a0 of 132 bytes failed: Only part of a ReadProcessMemory or WriteProcessMemory request was completed. (0x12B)
[0721/012211.844:ERROR:process_memory_win.cc(73)] ReadMemory at 0x27f006f04d0 of 132 bytes failed: Only part of a ReadProcessMemory or WriteProcessMemory request was completed. (0x12B)
[0721/012211.845:ERROR:process_memory_win.cc(73)] ReadMemory at 0x27f006f0730 of 132 bytes failed: Only part of a ReadProcessMemory or WriteProcessMemory request was completed. (0x12B)
[0721/012211.845:ERROR:process_memory_win.cc(73)] ReadMemory at 0x27f006f0bf0 of 132 bytes failed: Only part of a ReadProcessMemory or WriteProcessMemory request was completed. (0x12B)
[0721/012211.845:ERROR:process_memory_win.cc(73)] ReadMemory at 0x27f006f17d0 of 132 bytes failed: Only part of a ReadProcessMemory or WriteProcessMemory request was completed. (0x12B)
[0721/012211.845:ERROR:process_memory_win.cc(73)] ReadMemory at 0x27f006f1b60 of 132 bytes failed: Only part of a ReadProcessMemory or WriteProcessMemory request was completed. (0x12B)
[0721/012211.846:ERROR:process_memory_win.cc(73)] ReadMemory at 0x27f006f1c90 of 132 bytes failed: Only part of a ReadProcessMemory or WriteProcessMemory request was completed. (0x12B)
[0721/012211.846:ERROR:process_memory_win.cc(73)] ReadMemory at 0x27f006f3c00 of 60 bytes failed: Only part of a ReadProcessMemory or WriteProcessMemory request was completed. (0x12B)
[0721/012211.846:ERROR:process_memory_win.cc(73)] ReadMemory at 0x27f006f3c50 of 64 bytes failed: Only part of a ReadProcessMemory or WriteProcessMemory request was completed. (0x12B)
[0721/012211.846:ERROR:process_memory_win.cc(73)] ReadMemory at 0x27f006f3de0 of 64 bytes failed: Only part of a ReadProcessMemory or WriteProcessMemory request was completed. (0x12B)
[0721/012211.846:ERROR:process_memory_win.cc(73)] ReadMemory at 0x27f006f3e80 of 62 bytes failed: Only part of a ReadProcessMemory or WriteProcessMemory request was completed. (0x12B)
[0721/012211.846:ERROR:process_memory_win.cc(73)] ReadMemory at 0x27f006f4100 of 66 bytes failed: Only part of a ReadProcessMemory or WriteProcessMemory request was completed. (0x12B)
[0721/012211.933:ERROR:process_memory_win.cc(73)] ReadMemory at 0x27f006f4150 of 62 bytes failed: Only part of a ReadProcessMemory or WriteProcessMemory request was completed. (0x12B)
[0721/012211.933:ERROR:process_memory_win.cc(73)] ReadMemory at 0x27f006f42e0 of 60 bytes failed: Only part of a ReadProcessMemory or WriteProcessMemory request was completed. (0x12B)
[0721/012211.933:ERROR:process_memory_win.cc(73)] ReadMemory at 0x27f006f4330 of 62 bytes failed: Only part of a ReadProcessMemory or WriteProcessMemory request was completed. (0x12B)
[0721/012211.934:ERROR:process_memory_win.cc(73)] ReadMemory at 0x27f006f4380 of 64 bytes failed: Only part of a ReadProcessMemory or WriteProcessMemory request was completed. (0x12B)
[0721/012211.934:ERROR:process_memory_win.cc(73)] ReadMemory at 0x27f006f43d0 of 60 bytes failed: Only part of a ReadProcessMemory or WriteProcessMemory request was completed. (0x12B)
[0721/012211.934:ERROR:process_memory_win.cc(73)] ReadMemory at 0x27f006f46a0 of 64 bytes failed: Only part of a ReadProcessMemory or WriteProcessMemory request was completed. (0x12B)
[0721/012211.934:ERROR:process_memory_win.cc(73)] ReadMemory at 0x27f006f46f0 of 64 bytes failed: Only part of a ReadProcessMemory or WriteProcessMemory request was completed. (0x12B)
[0721/012211.934:ERROR:process_memory_win.cc(73)] ReadMemory at 0x27f006f8200 of 132 bytes failed: Only part of a ReadProcessMemory or WriteProcessMemory request was completed. (0x12B)
[0721/012211.934:ERROR:process_memory_win.cc(73)] ReadMemory at 0x27f006f9610 of 132 bytes failed: Only part of a ReadProcessMemory or WriteProcessMemory request was completed. (0x12B)
[0721/012211.935:ERROR:process_memory_win.cc(73)] ReadMemory at 0x27f006fa810 of 132 bytes failed: Only part of a ReadProcessMemory or WriteProcessMemory request was completed. (0x12B)
[0721/012211.935:ERROR:process_memory_win.cc(73)] ReadMemory at 0x27f006fab70 of 132 bytes failed: Only part of a ReadProcessMemory or WriteProcessMemory request was completed. (0x12B)
[0721/012211.935:ERROR:process_memory_win.cc(73)] ReadMemory at 0x27f006fad80 of 132 bytes failed: Only part of a ReadProcessMemory or WriteProcessMemory request was completed. (0x12B)
[0721/012211.935:ERROR:process_memory_win.cc(73)] ReadMemory at 0x27f006fdd30 of 132 bytes failed: Only part of a ReadProcessMemory or WriteProcessMemory request was completed. (0x12B)
[0721/012211.935:ERROR:process_memory_win.cc(73)] ReadMemory at 0x27f006fde60 of 132 bytes failed: Only part of a ReadProcessMemory or WriteProcessMemory request was completed. (0x12B)
[0721/012211.936:ERROR:process_memory_win.cc(73)] ReadMemory at 0x27f00700a20 of 132 bytes failed: Only part of a ReadProcessMemory or WriteProcessMemory request was completed. (0x12B)
[0721/012211.936:ERROR:process_memory_win.cc(73)] ReadMemory at 0x27f00700b50 of 132 bytes failed: Only part of a ReadProcessMemory or WriteProcessMemory request was completed. (0x12B)
[0721/012211.936:ERROR:process_memory_win.cc(73)] ReadMemory at 0x27f00700c80 of 132 bytes failed: Only part of a ReadProcessMemory or WriteProcessMemory request was completed. (0x12B)
[0721/012211.936:ERROR:process_memory_win.cc(73)] ReadMemory at 0x27f00700db0 of 132 bytes failed: Only part of a ReadProcessMemory or WriteProcessMemory request was completed. (0x12B)
[0721/012211.936:ERROR:process_memory_win.cc(73)] ReadMemory at 0x27f00701010 of 132 bytes failed: Only part of a ReadProcessMemory or WriteProcessMemory request was completed. (0x12B)
[0721/012211.936:ERROR:process_memory_win.cc(73)] ReadMemory at 0x27f00701140 of 132 bytes failed: Only part of a ReadProcessMemory or WriteProcessMemory request was completed. (0x12B)
[0721/012211.937:ERROR:process_memory_win.cc(73)] ReadMemory at 0x27f00701270 of 132 bytes failed: Only part of a ReadProcessMemory or WriteProcessMemory request was completed. (0x12B)
[0721/012211.937:ERROR:process_memory_win.cc(73)] ReadMemory at 0x27f007013a0 of 132 bytes failed: Only part of a ReadProcessMemory or WriteProcessMemory request was completed. (0x12B)
[0721/012211.937:ERROR:process_memory_win.cc(73)] ReadMemory at 0x27f007014d0 of 132 bytes failed: Only part of a ReadProcessMemory or WriteProcessMemory request was completed. (0x12B)
[0721/012211.938:ERROR:process_memory_win.cc(73)] ReadMemory at 0x27f00701600 of 132 bytes failed: Only part of a ReadProcessMemory or WriteProcessMemory request was completed. (0x12B)
[0721/012211.938:ERROR:process_memory_win.cc(73)] ReadMemory at 0x27f00701730 of 132 bytes failed: Only part of a ReadProcessMemory or WriteProcessMemory request was completed. (0x12B)
[0721/012211.939:ERROR:process_memory_win.cc(73)] ReadMemory at 0x27f00701860 of 132 bytes failed: Only part of a ReadProcessMemory or WriteProcessMemory request was completed. (0x12B)
[0721/012211.941:ERROR:process_memory_win.cc(73)] ReadMemory at 0x27f00702890 of 58 bytes failed: Only part of a ReadProcessMemory or WriteProcessMemory request was completed. (0x12B)
[0721/012211.941:ERROR:process_memory_win.cc(73)] ReadMemory at 0x27f00702930 of 60 bytes failed: Only part of a ReadProcessMemory or WriteProcessMemory request was completed. (0x12B)
[0721/012211.944:ERROR:process_memory_win.cc(73)] ReadMemory at 0x27f00702a70 of 62 bytes failed: Only part of a ReadProcessMemory or WriteProcessMemory request was completed. (0x12B)
[0721/012211.945:ERROR:process_memory_win.cc(73)] ReadMemory at 0x27f00702b10 of 64 bytes failed: Only part of a ReadProcessMemory or WriteProcessMemory request was completed. (0x12B)
[0721/012211.945:ERROR:process_memory_win.cc(73)] ReadMemory at 0x27f00702e30 of 60 bytes failed: Only part of a ReadProcessMemory or WriteProcessMemory request was completed. (0x12B)
[0721/012211.945:ERROR:process_memory_win.cc(73)] ReadMemory at 0x27f00702f70 of 60 bytes failed: Only part of a ReadProcessMemory or WriteProcessMemory request was completed. (0x12B)
[0721/012211.945:ERROR:process_memory_win.cc(73)] ReadMemory at 0x27f00702fc0 of 62 bytes failed: Only part of a ReadProcessMemory or WriteProcessMemory request was completed. (0x12B)
[0721/012211.946:ERROR:process_memory_win.cc(73)] ReadMemory at 0x27f00703100 of 62 bytes failed: Only part of a ReadProcessMemory or WriteProcessMemory request was completed. (0x12B)
[0721/012211.947:ERROR:process_memory_win.cc(73)] ReadMemory at 0x27f00703150 of 64 bytes failed: Only part of a ReadProcessMemory or WriteProcessMemory request was completed. (0x12B)
[0721/012211.947:ERROR:process_memory_win.cc(73)] ReadMemory at 0x27f007031f0 of 62 bytes failed: Only part of a ReadProcessMemory or WriteProcessMemory request was completed. (0x12B)
[0721/012211.948:ERROR:process_memory_win.cc(73)] ReadMemory at 0x27f00703240 of 62 bytes failed: Only part of a ReadProcessMemory or WriteProcessMemory request was completed. (0x12B)
[0721/012211.948:ERROR:process_memory_win.cc(73)] ReadMemory at 0x27f007032e0 of 66 bytes failed: Only part of a ReadProcessMemory or WriteProcessMemory request was completed. (0x12B)
[0721/012211.948:ERROR:process_memory_win.cc(73)] ReadMemory at 0x27f007034c0 of 62 bytes failed: Only part of a ReadProcessMemory or WriteProcessMemory request was completed. (0x12B)
[0721/012211.949:ERROR:process_memory_win.cc(73)] ReadMemory at 0x27f00703600 of 64 bytes failed: Only part of a ReadProcessMemory or WriteProcessMemory request was completed. (0x12B)
[0721/012211.949:ERROR:process_memory_win.cc(73)] ReadMemory at 0x27f007036a0 of 62 bytes failed: Only part of a ReadProcessMemory or WriteProcessMemory request was completed. (0x12B)
[0721/012211.971:ERROR:process_memory_win.cc(73)] ReadMemory at 0x27f0074c2f8 of 512 bytes failed: Only part of a ReadProcessMemory or WriteProcessMemory request was completed. (0x12B)
[0721/012211.972:ERROR:process_memory_win.cc(73)] ReadMemory at 0x27f0075c480 of 512 bytes failed: Only part of a ReadProcessMemory or WriteProcessMemory request was completed. (0x12B)
[0721/012211.972:ERROR:process_memory_win.cc(73)] ReadMemory at 0x27f0078ba10 of 512 bytes failed: Only part of a ReadProcessMemory or WriteProcessMemory request was completed. (0x12B)
[0721/012211.973:ERROR:process_memory_win.cc(73)] ReadMemory at 0x27f00793e10 of 512 bytes failed: Only part of a ReadProcessMemory or WriteProcessMemory request was completed. (0x12B)
[0721/012211.973:ERROR:process_memory_win.cc(73)] ReadMemory at 0x27f007942f0 of 512 bytes failed: Only part of a ReadProcessMemory or WriteProcessMemory request was completed. (0x12B)
[0721/012211.973:ERROR:process_memory_win.cc(73)] ReadMemory at 0x27f007b25e0 of 512 bytes failed: Only part of a ReadProcessMemory or WriteProcessMemory request was completed. (0x12B)
[0721/012211.974:ERROR:process_memory_win.cc(73)] ReadMemory at 0x27f007bb9f0 of 712 bytes failed: Only part of a ReadProcessMemory or WriteProcessMemory request was completed. (0x12B)
[0721/012211.974:ERROR:process_memory_win.cc(73)] ReadMemory at 0x27f007bc2c0 of 512 bytes failed: Only part of a ReadProcessMemory or WriteProcessMemory request was completed. (0x12B)
[0721/012211.974:ERROR:process_memory_win.cc(73)] ReadMemory at 0x27f01f28f10 of 512 bytes failed: Only part of a ReadProcessMemory or WriteProcessMemory request was completed. (0x12B)
[0721/012211.975:ERROR:process_memory_win.cc(73)] ReadMemory at 0x27f20406350 of 512 bytes failed: Only part of a ReadProcessMemory or WriteProcessMemory request was completed. (0x12B)
[0721/012211.976:ERROR:process_memory_win.cc(73)] ReadMemory at 0x27f20406590 of 512 bytes failed: Only part of a ReadProcessMemory or WriteProcessMemory request was completed. (0x12B)
[0721/012211.976:ERROR:process_memory_win.cc(73)] ReadMemory at 0x27f20406a70 of 512 bytes failed: Only part of a ReadProcessMemory or WriteProcessMemory request was completed. (0x12B)
[0721/012211.977:ERROR:process_memory_win.cc(73)] ReadMemory at 0x27f25f45fb0 of 512 bytes failed: Only part of a ReadProcessMemory or WriteProcessMemory request was completed. (0x12B)
[0721/012211.977:ERROR:process_memory_win.cc(73)] ReadMemory at 0x27f271309a0 of 512 bytes failed: Only part of a ReadProcessMemory or WriteProcessMemory request was completed. (0x12B)
[0721/012211.977:ERROR:process_memory_win.cc(73)] ReadMemory at 0x7ffbf8da8ac2 of 512 bytes failed: Only part of a ReadProcessMemory or WriteProcessMemory request was completed. (0x12B)
[0721/012211.978:ERROR:process_memory_win.cc(73)] ReadMemory at 0x7ffbf962968c of 512 bytes failed: Only part of a ReadProcessMemory or WriteProcessMemory request was completed. (0x12B)
[0721/012211.979:ERROR:process_memory_win.cc(73)] ReadMemory at 0x7ffbfdaf7390 of 512 bytes failed: Only part of a ReadProcessMemory or WriteProcessMemory request was completed. (0x12B)
[0721/012211.979:ERROR:process_memory_win.cc(73)] ReadMemory at 0x7ffbfdf49308 of 512 bytes failed: Only part of a ReadProcessMemory or WriteProcessMemory request was completed. (0x12B)
[0721/012211.979:ERROR:process_memory_win.cc(73)] ReadMemory at 0x7ffc37f879b3 of 512 bytes failed: Only part of a ReadProcessMemory or WriteProcessMemory request was completed. (0x12B)
[0721/012211.980:ERROR:process_memory_win.cc(73)] ReadMemory at 0x7ffc37f881a0 of 512 bytes failed: Only part of a ReadProcessMemory or WriteProcessMemory request was completed. (0x12B)
[0721/012211.981:ERROR:process_memory_win.cc(73)] ReadMemory at 0x7ffc4a7bc0c4 of 672 bytes failed: Only part of a ReadProcessMemory or WriteProcessMemory request was completed. (0x12B)
[0721/012211.981:ERROR:process_memory_win.cc(73)] ReadMemory at 0x7ffc4a7bf974 of 608 bytes failed: Only part of a ReadProcessMemory or WriteProcessMemory request was completed. (0x12B)
[0721/012211.982:ERROR:process_memory_win.cc(73)] ReadMemory at 0x7ffc4a8410f0 of 512 bytes failed: Only part of a ReadProcessMemory or WriteProcessMemory request was completed. (0x12B)
[0721/012211.982:ERROR:process_memory_win.cc(73)] ReadMemory at 0x7ffc4a84c428 of 18 bytes failed: Only part of a ReadProcessMemory or WriteProcessMemory request was completed. (0x12B)
[0721/012211.982:ERROR:process_memory_win.cc(73)] ReadMemory at 0x7ffc4a87f4f8 of 40 bytes failed: Only part of a ReadProcessMemory or WriteProcessMemory request was completed. (0x12B)
[0721/012211.983:ERROR:process_memory_win.cc(73)] ReadMemory at 0x7ffc4a87f978 of 48 bytes failed: Only part of a ReadProcessMemory or WriteProcessMemory request was completed. (0x12B)
[0721/012211.983:ERROR:process_memory_win.cc(73)] ReadMemory at 0x7ffc4a8853c0 of 64 bytes failed: Only part of a ReadProcessMemory or WriteProcessMemory request was completed. (0x12B)
[0721/012212.042:ERROR:scoped_process_suspend.cc(40)] NtResumeProcess: An attempt was made to access an exiting process. (0xc000010a)
